旅格 Travel Persona 服务器运行在 http://localhost:3000
用户端目录: B:\travel\public-app
版本: 2.1.0
[2026-07-13T04:29:09.935Z] GET /api/v1/health - 404 - 8ms
[2026-07-13T04:29:26.093Z] GET /api/v1/health - 404 - 2ms
[2026-07-13T04:29:46.567Z] GET /health - 200 - 1ms
[2026-07-13T04:30:10.560Z] GET / - 304 - 2ms
[2026-07-13T04:30:10.574Z] GET /vendor/leaflet/leaflet.css - 304 - 2ms
[2026-07-13T04:30:10.578Z] GET /assets/icons/compass.svg - 304 - 2ms
[2026-07-13T04:30:10.579Z] GET /styles.css - 304 - 2ms
[2026-07-13T04:30:10.581Z] GET /assets/icons/map-pinned.svg - 304 - 4ms
[2026-07-13T04:30:10.584Z] GET /assets/icons/luggage.svg - 304 - 1ms
[2026-07-13T04:30:10.590Z] GET /assets/icons/book-open.svg - 304 - 3ms
[2026-07-13T04:30:10.597Z] GET /assets/icons/user-round.svg - 304 - 2ms
[2026-07-13T04:30:10.601Z] GET /tripSync.js - 304 - 3ms
[2026-07-13T04:30:10.602Z] GET /app.js - 304 - 3ms
[2026-07-13T04:30:10.603Z] GET /pathSelection.js - 304 - 3ms
[2026-07-13T04:30:10.605Z] GET /vendor/leaflet/leaflet.js - 304 - 5ms
[2026-07-13T04:30:10.608Z] GET /pages/plan.js - 304 - 1ms
[2026-07-13T04:30:10.636Z] GET /entries - 200 - 2ms
[2026-07-13T04:30:10.639Z] GET /persona/proposals - 200 - 2ms
[2026-07-13T04:30:10.641Z] GET /persona/profile - 200 - 1ms
[2026-07-13T04:30:10.643Z] GET /privacy/settings - 200 - 1ms
[2026-07-13T04:30:10.645Z] GET /travel-trace - 200 - 2ms
[2026-07-13T04:30:10.648Z] GET /persona/timeline - 200 - 2ms
[2026-07-13T04:30:10.650Z] GET /assets/icons/sparkles.svg - 304 - 1ms
[2026-07-13T04:30:10.650Z] GET /assets/icons/chevron-right.svg - 304 - 1ms
[2026-07-13T04:30:10.667Z] GET /assets/icons/check.svg - 304 - 1ms
[2026-07-13T04:30:10.667Z] GET /assets/icons/route.svg - 304 - 1ms
[2026-07-13T04:30:10.670Z] GET /assets/icons/telescope.svg - 304 - 4ms
[2026-07-13T04:30:10.671Z] GET /assets/icons/square-pen.svg - 304 - 3ms
[2026-07-13T04:30:10.672Z] GET /favicon.ico - 304 - 4ms
[2026-07-13T04:30:26.809Z] GET /assets/icons/leaf.svg - 304 - 1ms
[2026-07-13T04:30:26.810Z] GET /assets/icons/log-out.svg - 304 - 2ms
[2026-07-13T04:30:26.811Z] GET /assets/icons/users-round.svg - 304 - 2ms
[2026-07-13T04:30:26.812Z] GET /assets/icons/timer.svg - 304 - 1ms
[2026-07-13T04:30:26.814Z] GET /assets/icons/house.svg - 304 - 3ms
[2026-07-13T04:30:26.815Z] GET /assets/icons/arrow-right.svg - 304 - 2ms
[2026-07-13T04:30:26.816Z] GET /favicon.ico - 304 - 1ms
[2026-07-13T04:30:40.749Z] GET /assets/icons/mountain-snow.svg - 304 - 1ms
[2026-07-13T04:30:40.750Z] GET /assets/icons/landmark.svg - 304 - 1ms
[2026-07-13T04:30:40.751Z] GET /assets/icons/palette.svg - 304 - 1ms
[2026-07-13T04:30:40.751Z] GET /assets/icons/camera.svg - 304 - 1ms
[2026-07-13T04:30:40.752Z] GET /assets/icons/coffee.svg - 304 - 1ms
[2026-07-13T04:30:40.752Z] GET /assets/icons/utensils.svg - 304 - 1ms
[2026-07-13T04:30:40.753Z] GET /assets/icons/building-2.svg - 304 - 0ms
[2026-07-13T04:30:40.754Z] GET /assets/icons/arrow-left.svg - 304 - 1ms
[2026-07-13T04:30:49.319Z] GET /assets/icons/check.svg - 304 - 1ms
[2026-07-13T04:30:50.810Z] GET /assets/icons/route.svg - 304 - 1ms
[2026-07-13T04:30:50.812Z] GET /assets/icons/calendar-days.svg - 304 - 3ms
[2026-07-13T04:31:06.008Z] POST / - 200 - 866ms
[2026-07-13T04:31:06.014Z] POST /events - 202 - 2ms
[2026-07-13T04:31:06.027Z] GET /vendor/leaflet/images/marker-icon.png - 304 - 1ms
[2026-07-13T04:31:06.046Z] POST /enhance-explanation - 200 - 16ms
[2026-07-13T04:31:06.051Z] POST /enrich-plan - 200 - 3ms
[2026-07-13T04:31:06.053Z] GET /assets/icons/map.svg - 304 - 1ms
[2026-07-13T04:31:06.054Z] GET /vendor/leaflet/images/marker-shadow.png - 304 - 2ms
[2026-07-13T04:31:06.054Z] GET /vendor/leaflet/images/marker-icon-2x.png - 304 - 1ms
[2026-07-13T04:31:06.064Z] POST /events - 202 - 1ms
[2026-07-13T04:31:06.066Z] POST /events - 202 - 1ms
[2026-07-13T04:34:02.104Z] GET / - 200 - 6ms
[2026-07-13T04:34:02.121Z] GET /vendor/leaflet/leaflet.css - 304 - 0ms
[2026-07-13T04:34:02.123Z] GET /styles.css - 304 - 1ms
[2026-07-13T04:34:02.124Z] GET /assets/icons/compass.svg - 304 - 1ms
[2026-07-13T04:34:02.124Z] GET /assets/icons/map-pinned.svg - 304 - 1ms
[2026-07-13T04:34:02.129Z] GET /assets/icons/luggage.svg - 304 - 0ms
[2026-07-13T04:34:02.130Z] GET /assets/icons/book-open.svg - 304 - 1ms
[2026-07-13T04:34:02.132Z] GET /assets/icons/user-round.svg - 304 - 0ms
[2026-07-13T04:34:02.135Z] GET /tripSync.js - 304 - 1ms
[2026-07-13T04:34:02.136Z] GET /app.js - 304 - 1ms
[2026-07-13T04:34:02.137Z] GET /pathSelection.js - 304 - 2ms
[2026-07-13T04:34:02.139Z] GET /vendor/leaflet/leaflet.js - 304 - 3ms
[2026-07-13T04:34:02.144Z] GET /pages/plan.js - 200 - 6ms
[2026-07-13T04:34:02.188Z] GET /assets/icons/sparkles.svg - 304 - 1ms
[2026-07-13T04:34:02.192Z] GET /entries - 200 - 1ms
[2026-07-13T04:34:02.193Z] GET /persona/proposals - 200 - 0ms
[2026-07-13T04:34:02.194Z] GET /persona/profile - 200 - 0ms
[2026-07-13T04:34:02.198Z] GET /privacy/settings - 200 - 2ms
[2026-07-13T04:34:02.202Z] GET /travel-trace - 200 - 4ms
[2026-07-13T04:34:02.205Z] GET /persona/timeline - 200 - 2ms
[2026-07-13T04:34:02.208Z] GET /assets/icons/house.svg - 304 - 1ms
[2026-07-13T04:34:02.209Z] GET /assets/icons/arrow-right.svg - 304 - 2ms
[2026-07-13T04:34:02.210Z] GET /assets/icons/log-out.svg - 304 - 3ms
[2026-07-13T04:34:02.211Z] GET /assets/icons/users-round.svg - 304 - 4ms
[2026-07-13T04:34:02.212Z] GET /assets/icons/leaf.svg - 304 - 1ms
[2026-07-13T04:34:02.212Z] GET /assets/icons/timer.svg - 304 - 1ms
[2026-07-13T04:34:02.253Z] GET /favicon.ico - 200 - 3ms
[2026-07-13T04:36:05.566Z] GET /assets/icons/leaf.svg - 304 - 1ms
[2026-07-13T04:36:05.569Z] GET /assets/icons/log-out.svg - 304 - 4ms
[2026-07-13T04:36:05.571Z] GET /assets/icons/sparkles.svg - 304 - 3ms
[2026-07-13T04:36:05.572Z] GET /assets/icons/users-round.svg - 304 - 2ms
[2026-07-13T04:36:05.575Z] GET /assets/icons/timer.svg - 304 - 2ms
[2026-07-13T04:36:05.576Z] GET /assets/icons/check.svg - 304 - 3ms
[2026-07-13T04:36:05.577Z] GET /assets/icons/house.svg - 304 - 3ms
[2026-07-13T04:36:05.578Z] GET /assets/icons/arrow-right.svg - 304 - 1ms
[2026-07-13T04:36:08.598Z] GET /assets/icons/mountain-snow.svg - 304 - 2ms
[2026-07-13T04:36:08.599Z] GET /assets/icons/landmark.svg - 304 - 2ms
[2026-07-13T04:36:08.599Z] GET /assets/icons/palette.svg - 304 - 2ms
[2026-07-13T04:36:08.600Z] GET /assets/icons/coffee.svg - 304 - 3ms
[2026-07-13T04:36:08.602Z] GET /assets/icons/utensils.svg - 304 - 2ms
[2026-07-13T04:36:08.603Z] GET /assets/icons/camera.svg - 304 - 2ms
[2026-07-13T04:36:08.604Z] GET /assets/icons/building-2.svg - 304 - 2ms
[2026-07-13T04:36:08.605Z] GET /assets/icons/compass.svg - 304 - 1ms
[2026-07-13T04:36:08.605Z] GET /assets/icons/arrow-left.svg - 304 - 1ms
[2026-07-13T04:36:27.075Z] GET /assets/icons/mountain-snow.svg - 304 - 4ms
[2026-07-13T04:36:27.085Z] GET /assets/icons/landmark.svg - 304 - 13ms
[2026-07-13T04:36:27.091Z] GET /assets/icons/check.svg - 304 - 18ms
[2026-07-13T04:36:27.098Z] GET /assets/icons/palette.svg - 304 - 9ms
[2026-07-13T04:36:27.101Z] GET /assets/icons/coffee.svg - 304 - 6ms
[2026-07-13T04:36:27.104Z] GET /assets/icons/utensils.svg - 304 - 8ms
[2026-07-13T04:36:27.114Z] GET /assets/icons/camera.svg - 304 - 6ms
[2026-07-13T04:36:27.117Z] GET /assets/icons/building-2.svg - 304 - 7ms
[2026-07-13T04:36:27.124Z] GET /assets/icons/compass.svg - 304 - 12ms
[2026-07-13T04:36:27.130Z] GET /assets/icons/arrow-left.svg - 304 - 9ms
[2026-07-13T04:36:27.132Z] GET /assets/icons/arrow-right.svg - 304 - 4ms
[2026-07-13T04:36:33.068Z] GET /assets/icons/mountain-snow.svg - 304 - 2ms
[2026-07-13T04:36:33.074Z] GET /assets/icons/landmark.svg - 304 - 8ms
[2026-07-13T04:36:33.075Z] GET /assets/icons/check.svg - 304 - 8ms
[2026-07-13T04:36:33.076Z] GET /assets/icons/palette.svg - 304 - 9ms
[2026-07-13T04:36:33.079Z] GET /assets/icons/coffee.svg - 304 - 2ms
[2026-07-13T04:36:33.080Z] GET /assets/icons/utensils.svg - 304 - 2ms
[2026-07-13T04:36:33.081Z] GET /assets/icons/camera.svg - 304 - 3ms
[2026-07-13T04:36:33.082Z] GET /assets/icons/building-2.svg - 304 - 4ms
[2026-07-13T04:36:33.084Z] GET /assets/icons/compass.svg - 304 - 2ms
[2026-07-13T04:36:33.085Z] GET /assets/icons/arrow-left.svg - 304 - 2ms
[2026-07-13T04:36:33.087Z] GET /assets/icons/arrow-right.svg - 304 - 4ms
[2026-07-13T04:36:42.175Z] GET /assets/icons/map-pinned.svg - 304 - 1ms
[2026-07-13T04:36:42.179Z] GET /assets/icons/route.svg - 304 - 1ms
[2026-07-13T04:36:42.180Z] GET /assets/icons/calendar-days.svg - 304 - 2ms
[2026-07-13T04:36:42.181Z] GET /assets/icons/sparkles.svg - 304 - 3ms
[2026-07-13T04:37:33.027Z] POST / - 200 - 27ms
[2026-07-13T04:37:33.038Z] POST /events - 202 - 2ms
[2026-07-13T04:37:33.110Z] GET /vendor/leaflet/images/marker-icon.png - 304 - 1ms
[2026-07-13T04:37:33.146Z] POST /enhance-explanation - 200 - 20ms
[2026-07-13T04:37:33.149Z] POST /enrich-plan - 200 - 2ms
[2026-07-13T04:37:33.150Z] GET /assets/icons/map.svg - 304 - 1ms
[2026-07-13T04:37:33.151Z] GET /assets/icons/route.svg - 304 - 1ms
[2026-07-13T04:37:33.152Z] GET /assets/icons/sparkles.svg - 304 - 2ms
[2026-07-13T04:37:33.153Z] POST /events - 202 - 0ms
[2026-07-13T04:37:33.157Z] POST /events - 202 - 1ms
[2026-07-13T04:37:33.158Z] GET /vendor/leaflet/images/marker-icon-2x.png - 304 - 1ms
[2026-07-13T04:37:33.158Z] GET /vendor/leaflet/images/marker-shadow.png - 304 - 1ms
[2026-07-13T04:38:52.341Z] GET /health - 200 - 0ms
